<?xml version="1.0" encoding="UTF-8"?>
<testng-results ignored="0" total="0" passed="0" failed="0" skipped="0">
  <reporter-output>
  </reporter-output>
  <suite started-at="2022-08-08T01:44:59 EDT" name="suitepractice" finished-at="2022-08-08T01:44:59 EDT" duration-ms="7">
    <groups>
    </groups>
    <test started-at="2022-08-08T01:44:59 EDT" name="regressionOfOpera" finished-at="2022-08-08T01:44:59 EDT" duration-ms="7">
    </test> <!-- regressionOfOpera -->
  </suite> <!-- suitepractice -->
</testng-results>
