<?xml version="1.0" encoding="UTF-8"?>
<!-- Generated by org.testng.reporters.JUnitXMLReporter -->
<testsuite ignored="0" hostname="Aylan-Elyan" failures="3" tests="3" name="FacebookRegressionOpera" time="30.521" errors="0" timestamp="2022-08-07T03:45:54 EDT">
  <testcase classname="Practice2Selenium.GetAjobTestng.FacebookLogIn" name="f" time="2.096">
    <failure type="org.openqa.selenium.ElementNotInteractableException" message="element not interactable
  (Session info: chrome=103.0.5060.134)
  (Driver info: operadriver=103.0.5060.66 (20b1569438a85e631d15e83eb355e3e326e5da6f-refs/branch-heads/5060@{#1066}),platform=Windows NT 10.0.22000 x86_64) (WARNING: The server did not provide any stacktrace information)
Command duration or timeout: 0 milliseconds
Build info: version: &amp;apos;3.141.59&amp;apos;, revision: &amp;apos;e82be7d358&amp;apos;, time: &amp;apos;2018-11-14T08:17:03&amp;apos;
System info: host: &amp;apos;AYLAN-ELYAN&amp;apos;, ip: &amp;apos;192.168.1.123&amp;apos;, os.name: &amp;apos;Windows 10&amp;apos;, os.arch: &amp;apos;amd64&amp;apos;, os.version: &amp;apos;10.0&amp;apos;, java.version: &amp;apos;17&amp;apos;
Driver info: org.openqa.selenium.opera.OperaDriver
Capabilities {acceptInsecureCerts: false, acceptSslCerts: false, browserConnectionEnabled: false, browserName: opera, cssSelectorsEnabled: true, databaseEnabled: false, goog:chromeOptions: {debuggerAddress: localhost:65229}, handlesAlerts: true, hasTouchScreen: false, javascriptEnabled: true, locationContextEnabled: true, mobileEmulationEnabled: false, nativeEvents: true, networkConnectionEnabled: false, opera: {operadriverVersion: 103.0.5060.66 (20b1569438a8..., userDataDir: C:\Users\ferha\AppData\Loca...}, pageLoadStrategy: normal, platform: WINDOWS, platformName: WINDOWS, proxy: Proxy(), rotatable: false, setWindowRect: true, strictFileInteractability: false, takesHeapSnapshot: true, takesScreenshot: true, timeouts: {implicit: 0, pageLoad: 300000, script: 30000}, unexpectedAlertBehaviour: ignore, unhandledPromptBehavior: ignore, version: 103.0.5060.134, webStorageEnabled: true, webauthn:extension:credBlob: true, webauthn:extension:largeBlob: true, webauthn:virtualAuthenticators: true}
Session ID: a20cf48e4f54e70c28e96b9e46b2a7da">
      <![CDATA[org.openqa.selenium.ElementNotInteractableException: element not interactable
  (Session info: chrome=103.0.5060.134)
  (Driver info: operadriver=103.0.5060.66 (20b1569438a85e631d15e83eb355e3e326e5da6f-refs/branch-heads/5060@{#1066}),platform=Windows NT 10.0.22000 x86_64) (WARNING: The server did not provide any stacktrace information)
Command duration or timeout: 0 milliseconds
Build info: version: '3.141.59', revision: 'e82be7d358', time: '2018-11-14T08:17:03'
System info: host: 'AYLAN-ELYAN', ip: '192.168.1.123', os.name: 'Windows 10', os.arch: 'amd64', os.version: '10.0', java.version: '17'
Driver info: org.openqa.selenium.opera.OperaDriver
Capabilities {acceptInsecureCerts: false, acceptSslCerts: false, browserConnectionEnabled: false, browserName: opera, cssSelectorsEnabled: true, databaseEnabled: false, goog:chromeOptions: {debuggerAddress: localhost:65229}, handlesAlerts: true, hasTouchScreen: false, javascriptEnabled: true, locationContextEnabled: true, mobileEmulationEnabled: false, nativeEvents: true, networkConnectionEnabled: false, opera: {operadriverVersion: 103.0.5060.66 (20b1569438a8..., userDataDir: C:\Users\ferha\AppData\Loca...}, pageLoadStrategy: normal, platform: WINDOWS, platformName: WINDOWS, proxy: Proxy(), rotatable: false, setWindowRect: true, strictFileInteractability: false, takesHeapSnapshot: true, takesScreenshot: true, timeouts: {implicit: 0, pageLoad: 300000, script: 30000}, unexpectedAlertBehaviour: ignore, unhandledPromptBehavior: ignore, version: 103.0.5060.134, webStorageEnabled: true, webauthn:extension:credBlob: true, webauthn:extension:largeBlob: true, webauthn:virtualAuthenticators: true}
Session ID: a20cf48e4f54e70c28e96b9e46b2a7da
at org.openqa.selenium.remote.ErrorHandler.createThrowable(ErrorHandler.java:214)
at org.openqa.selenium.remote.ErrorHandler.throwIfResponseFailed(ErrorHandler.java:166)
at org.openqa.selenium.remote.http.JsonHttpResponseCodec.reconstructValue(JsonHttpResponseCodec.java:40)
at org.openqa.selenium.remote.http.AbstractHttpResponseCodec.decode(AbstractHttpResponseCodec.java:82)
at org.openqa.selenium.remote.http.AbstractHttpResponseCodec.decode(AbstractHttpResponseCodec.java:45)
at org.openqa.selenium.remote.HttpCommandExecutor.execute(HttpCommandExecutor.java:164)
at org.openqa.selenium.remote.service.DriverCommandExecutor.execute(DriverCommandExecutor.java:83)
at org.openqa.selenium.remote.RemoteWebDriver.execute(RemoteWebDriver.java:586)
at org.openqa.selenium.remote.RemoteWebElement.execute(RemoteWebElement.java:279)
at org.openqa.selenium.remote.RemoteWebElement.sendKeys(RemoteWebElement.java:100)
at org.openqa.selenium.support.pagefactory.internal.LocatingElementHandler.invoke(LocatingElementHandler.java:51)
at jdk.proxy2/jdk.proxy2.$Proxy14.sendKeys(Unknown Source)
at PageObjectModel.HomeFacebook.PasswordEnter(HomeFacebook.java:25)
at Practice2Selenium.GetAjobTestng.FacebookLogIn.f(FacebookLogIn.java:18)
at java.base/java.util.ArrayList.forEach(ArrayList.java:1511)
at java.base/java.util.concurrent.FutureTask.run(FutureTask.java:264)
at java.base/java.util.concurrent.ThreadPoolExecutor.runWorker(ThreadPoolExecutor.java:1136)
at java.base/java.util.concurrent.ThreadPoolExecutor$Worker.run(ThreadPoolExecutor.java:635)
at java.base/java.lang.Thread.run(Thread.java:833)
... Removed 27 stack frames]]>
    </failure>
  </testcase> <!-- f -->
  <testcase classname="Practice2Selenium.GetAjobTestng.FacebookLogIn" name="f" time="2.089">
    <failure type="org.openqa.selenium.ElementNotInteractableException" message="element not interactable
  (Session info: chrome=103.0.5060.134)
  (Driver info: operadriver=103.0.5060.66 (20b1569438a85e631d15e83eb355e3e326e5da6f-refs/branch-heads/5060@{#1066}),platform=Windows NT 10.0.22000 x86_64) (WARNING: The server did not provide any stacktrace information)
Command duration or timeout: 0 milliseconds
Build info: version: &amp;apos;3.141.59&amp;apos;, revision: &amp;apos;e82be7d358&amp;apos;, time: &amp;apos;2018-11-14T08:17:03&amp;apos;
System info: host: &amp;apos;AYLAN-ELYAN&amp;apos;, ip: &amp;apos;192.168.1.123&amp;apos;, os.name: &amp;apos;Windows 10&amp;apos;, os.arch: &amp;apos;amd64&amp;apos;, os.version: &amp;apos;10.0&amp;apos;, java.version: &amp;apos;17&amp;apos;
Driver info: org.openqa.selenium.opera.OperaDriver
Capabilities {acceptInsecureCerts: false, acceptSslCerts: false, browserConnectionEnabled: false, browserName: opera, cssSelectorsEnabled: true, databaseEnabled: false, goog:chromeOptions: {debuggerAddress: localhost:65340}, handlesAlerts: true, hasTouchScreen: false, javascriptEnabled: true, locationContextEnabled: true, mobileEmulationEnabled: false, nativeEvents: true, networkConnectionEnabled: false, opera: {operadriverVersion: 103.0.5060.66 (20b1569438a8..., userDataDir: C:\Users\ferha\AppData\Loca...}, pageLoadStrategy: normal, platform: WINDOWS, platformName: WINDOWS, proxy: Proxy(), rotatable: false, setWindowRect: true, strictFileInteractability: false, takesHeapSnapshot: true, takesScreenshot: true, timeouts: {implicit: 0, pageLoad: 300000, script: 30000}, unexpectedAlertBehaviour: ignore, unhandledPromptBehavior: ignore, version: 103.0.5060.134, webStorageEnabled: true, webauthn:extension:credBlob: true, webauthn:extension:largeBlob: true, webauthn:virtualAuthenticators: true}
Session ID: 8eba96870335c9804ce0fe4ef440672e">
      <![CDATA[org.openqa.selenium.ElementNotInteractableException: element not interactable
  (Session info: chrome=103.0.5060.134)
  (Driver info: operadriver=103.0.5060.66 (20b1569438a85e631d15e83eb355e3e326e5da6f-refs/branch-heads/5060@{#1066}),platform=Windows NT 10.0.22000 x86_64) (WARNING: The server did not provide any stacktrace information)
Command duration or timeout: 0 milliseconds
Build info: version: '3.141.59', revision: 'e82be7d358', time: '2018-11-14T08:17:03'
System info: host: 'AYLAN-ELYAN', ip: '192.168.1.123', os.name: 'Windows 10', os.arch: 'amd64', os.version: '10.0', java.version: '17'
Driver info: org.openqa.selenium.opera.OperaDriver
Capabilities {acceptInsecureCerts: false, acceptSslCerts: false, browserConnectionEnabled: false, browserName: opera, cssSelectorsEnabled: true, databaseEnabled: false, goog:chromeOptions: {debuggerAddress: localhost:65340}, handlesAlerts: true, hasTouchScreen: false, javascriptEnabled: true, locationContextEnabled: true, mobileEmulationEnabled: false, nativeEvents: true, networkConnectionEnabled: false, opera: {operadriverVersion: 103.0.5060.66 (20b1569438a8..., userDataDir: C:\Users\ferha\AppData\Loca...}, pageLoadStrategy: normal, platform: WINDOWS, platformName: WINDOWS, proxy: Proxy(), rotatable: false, setWindowRect: true, strictFileInteractability: false, takesHeapSnapshot: true, takesScreenshot: true, timeouts: {implicit: 0, pageLoad: 300000, script: 30000}, unexpectedAlertBehaviour: ignore, unhandledPromptBehavior: ignore, version: 103.0.5060.134, webStorageEnabled: true, webauthn:extension:credBlob: true, webauthn:extension:largeBlob: true, webauthn:virtualAuthenticators: true}
Session ID: 8eba96870335c9804ce0fe4ef440672e
at org.openqa.selenium.remote.ErrorHandler.createThrowable(ErrorHandler.java:214)
at org.openqa.selenium.remote.ErrorHandler.throwIfResponseFailed(ErrorHandler.java:166)
at org.openqa.selenium.remote.http.JsonHttpResponseCodec.reconstructValue(JsonHttpResponseCodec.java:40)
at org.openqa.selenium.remote.http.AbstractHttpResponseCodec.decode(AbstractHttpResponseCodec.java:82)
at org.openqa.selenium.remote.http.AbstractHttpResponseCodec.decode(AbstractHttpResponseCodec.java:45)
at org.openqa.selenium.remote.HttpCommandExecutor.execute(HttpCommandExecutor.java:164)
at org.openqa.selenium.remote.service.DriverCommandExecutor.execute(DriverCommandExecutor.java:83)
at org.openqa.selenium.remote.RemoteWebDriver.execute(RemoteWebDriver.java:586)
at org.openqa.selenium.remote.RemoteWebElement.execute(RemoteWebElement.java:279)
at org.openqa.selenium.remote.RemoteWebElement.sendKeys(RemoteWebElement.java:100)
at org.openqa.selenium.support.pagefactory.internal.LocatingElementHandler.invoke(LocatingElementHandler.java:51)
at jdk.proxy2/jdk.proxy2.$Proxy14.sendKeys(Unknown Source)
at PageObjectModel.HomeFacebook.PasswordEnter(HomeFacebook.java:25)
at Practice2Selenium.GetAjobTestng.FacebookLogIn.f(FacebookLogIn.java:18)
at java.base/java.util.ArrayList.forEach(ArrayList.java:1511)
at java.base/java.util.concurrent.FutureTask.run(FutureTask.java:264)
at java.base/java.util.concurrent.ThreadPoolExecutor.runWorker(ThreadPoolExecutor.java:1136)
at java.base/java.util.concurrent.ThreadPoolExecutor$Worker.run(ThreadPoolExecutor.java:635)
at java.base/java.lang.Thread.run(Thread.java:833)
... Removed 27 stack frames]]>
    </failure>
  </testcase> <!-- f -->
  <testcase classname="Practice2Selenium.GetAjobTestng.FacebookLogIn" name="f" time="2.089">
    <failure type="org.openqa.selenium.ElementNotInteractableException" message="element not interactable
  (Session info: chrome=103.0.5060.134)
  (Driver info: operadriver=103.0.5060.66 (20b1569438a85e631d15e83eb355e3e326e5da6f-refs/branch-heads/5060@{#1066}),platform=Windows NT 10.0.22000 x86_64) (WARNING: The server did not provide any stacktrace information)
Command duration or timeout: 0 milliseconds
Build info: version: &amp;apos;3.141.59&amp;apos;, revision: &amp;apos;e82be7d358&amp;apos;, time: &amp;apos;2018-11-14T08:17:03&amp;apos;
System info: host: &amp;apos;AYLAN-ELYAN&amp;apos;, ip: &amp;apos;192.168.1.123&amp;apos;, os.name: &amp;apos;Windows 10&amp;apos;, os.arch: &amp;apos;amd64&amp;apos;, os.version: &amp;apos;10.0&amp;apos;, java.version: &amp;apos;17&amp;apos;
Driver info: org.openqa.selenium.opera.OperaDriver
Capabilities {acceptInsecureCerts: false, acceptSslCerts: false, browserConnectionEnabled: false, browserName: opera, cssSelectorsEnabled: true, databaseEnabled: false, goog:chromeOptions: {debuggerAddress: localhost:65424}, handlesAlerts: true, hasTouchScreen: false, javascriptEnabled: true, locationContextEnabled: true, mobileEmulationEnabled: false, nativeEvents: true, networkConnectionEnabled: false, opera: {operadriverVersion: 103.0.5060.66 (20b1569438a8..., userDataDir: C:\Users\ferha\AppData\Loca...}, pageLoadStrategy: normal, platform: WINDOWS, platformName: WINDOWS, proxy: Proxy(), rotatable: false, setWindowRect: true, strictFileInteractability: false, takesHeapSnapshot: true, takesScreenshot: true, timeouts: {implicit: 0, pageLoad: 300000, script: 30000}, unexpectedAlertBehaviour: ignore, unhandledPromptBehavior: ignore, version: 103.0.5060.134, webStorageEnabled: true, webauthn:extension:credBlob: true, webauthn:extension:largeBlob: true, webauthn:virtualAuthenticators: true}
Session ID: 6fc87600a687228ab6e97477e40852fe">
      <![CDATA[org.openqa.selenium.ElementNotInteractableException: element not interactable
  (Session info: chrome=103.0.5060.134)
  (Driver info: operadriver=103.0.5060.66 (20b1569438a85e631d15e83eb355e3e326e5da6f-refs/branch-heads/5060@{#1066}),platform=Windows NT 10.0.22000 x86_64) (WARNING: The server did not provide any stacktrace information)
Command duration or timeout: 0 milliseconds
Build info: version: '3.141.59', revision: 'e82be7d358', time: '2018-11-14T08:17:03'
System info: host: 'AYLAN-ELYAN', ip: '192.168.1.123', os.name: 'Windows 10', os.arch: 'amd64', os.version: '10.0', java.version: '17'
Driver info: org.openqa.selenium.opera.OperaDriver
Capabilities {acceptInsecureCerts: false, acceptSslCerts: false, browserConnectionEnabled: false, browserName: opera, cssSelectorsEnabled: true, databaseEnabled: false, goog:chromeOptions: {debuggerAddress: localhost:65424}, handlesAlerts: true, hasTouchScreen: false, javascriptEnabled: true, locationContextEnabled: true, mobileEmulationEnabled: false, nativeEvents: true, networkConnectionEnabled: false, opera: {operadriverVersion: 103.0.5060.66 (20b1569438a8..., userDataDir: C:\Users\ferha\AppData\Loca...}, pageLoadStrategy: normal, platform: WINDOWS, platformName: WINDOWS, proxy: Proxy(), rotatable: false, setWindowRect: true, strictFileInteractability: false, takesHeapSnapshot: true, takesScreenshot: true, timeouts: {implicit: 0, pageLoad: 300000, script: 30000}, unexpectedAlertBehaviour: ignore, unhandledPromptBehavior: ignore, version: 103.0.5060.134, webStorageEnabled: true, webauthn:extension:credBlob: true, webauthn:extension:largeBlob: true, webauthn:virtualAuthenticators: true}
Session ID: 6fc87600a687228ab6e97477e40852fe
at org.openqa.selenium.remote.ErrorHandler.createThrowable(ErrorHandler.java:214)
at org.openqa.selenium.remote.ErrorHandler.throwIfResponseFailed(ErrorHandler.java:166)
at org.openqa.selenium.remote.http.JsonHttpResponseCodec.reconstructValue(JsonHttpResponseCodec.java:40)
at org.openqa.selenium.remote.http.AbstractHttpResponseCodec.decode(AbstractHttpResponseCodec.java:82)
at org.openqa.selenium.remote.http.AbstractHttpResponseCodec.decode(AbstractHttpResponseCodec.java:45)
at org.openqa.selenium.remote.HttpCommandExecutor.execute(HttpCommandExecutor.java:164)
at org.openqa.selenium.remote.service.DriverCommandExecutor.execute(DriverCommandExecutor.java:83)
at org.openqa.selenium.remote.RemoteWebDriver.execute(RemoteWebDriver.java:586)
at org.openqa.selenium.remote.RemoteWebElement.execute(RemoteWebElement.java:279)
at org.openqa.selenium.remote.RemoteWebElement.sendKeys(RemoteWebElement.java:100)
at org.openqa.selenium.support.pagefactory.internal.LocatingElementHandler.invoke(LocatingElementHandler.java:51)
at jdk.proxy2/jdk.proxy2.$Proxy14.sendKeys(Unknown Source)
at PageObjectModel.HomeFacebook.PasswordEnter(HomeFacebook.java:25)
at Practice2Selenium.GetAjobTestng.FacebookLogIn.f(FacebookLogIn.java:18)
at java.base/java.util.ArrayList.forEach(ArrayList.java:1511)
at java.base/java.util.concurrent.FutureTask.run(FutureTask.java:264)
at java.base/java.util.concurrent.ThreadPoolExecutor.runWorker(ThreadPoolExecutor.java:1136)
at java.base/java.util.concurrent.ThreadPoolExecutor$Worker.run(ThreadPoolExecutor.java:635)
at java.base/java.lang.Thread.run(Thread.java:833)
... Removed 27 stack frames]]>
    </failure>
  </testcase> <!-- f -->
</testsuite> <!-- FacebookRegressionOpera -->
