<?xml version="1.0" encoding="UTF-8"?>
<!-- Generated by org.testng.reporters.JUnitXMLReporter -->
<testsuite ignored="0" hostname="Aylan-Elyan" failures="1" tests="1" name="regressionOfChrome" time="0.589" errors="0" timestamp="2022-08-08T01:45:00 EDT">
  <testcase classname="Practice2Selenium.GetAjobTestng.FindElements" name="LogFacebook" time="0.0">
    <failure type="org.testng.TestNGException" message="
Data Provider public void Practice2Selenium.GetAjobTestng.FindElements.ExcelSheetData() returned a null value">
      <![CDATA[org.testng.TestNGException: 
Data Provider public void Practice2Selenium.GetAjobTestng.FindElements.ExcelSheetData() returned a null value
at java.base/java.util.ArrayList.forEach(ArrayList.java:1511)
at java.base/java.util.concurrent.FutureTask.run(FutureTask.java:264)
at java.base/java.util.concurrent.ThreadPoolExecutor.runWorker(ThreadPoolExecutor.java:1136)
at java.base/java.util.concurrent.ThreadPoolExecutor$Worker.run(ThreadPoolExecutor.java:635)
at java.base/java.lang.Thread.run(Thread.java:833)
... Removed 15 stack frames]]>
    </failure>
  </testcase> <!-- LogFacebook -->
</testsuite> <!-- regressionOfChrome -->
